<?xml version="1.0" encoding="UTF-8"?>
<testng-results ignored="0" total="1" passed="1" failed="0" skipped="0">
  <reporter-output>
  </reporter-output>
  <suite started-at="2022-07-24T19:00:11 PDT" name="Default suite" finished-at="2022-07-24T19:00:18 PDT" duration-ms="6052">
    <groups>
    </groups>
    <test started-at="2022-07-24T19:00:11 PDT" name="Default test" finished-at="2022-07-24T19:00:18 PDT" duration-ms="6052">
      <class name="Clipboard.Amazon.AmazonHome">
        <test-method signature="startingPage()[pri:0, instance:Clipboard.Amazon.AmazonHome@78b66d36]" started-at="2022-07-24T19:00:12 PDT" name="startingPage" finished-at="2022-07-24T19:00:18 PDT" duration-ms="5998" status="PASS">
          <reporter-output>
          </reporter-output>
        </test-method> <!-- startingPage -->
      </class> <!-- Clipboard.Amazon.AmazonHome -->
    </test> <!-- Default test -->
  </suite> <!-- Default suite -->
</testng-results>
